<?xml version="1.0" encoding="UTF-8"?>
<testng-results skipped="0" failed="0" ignored="0" total="2" passed="2">
  <reporter-output>
  </reporter-output>
  <suite name="Suite" duration-ms="29" started-at="2020-02-22T11:17:30Z" finished-at="2020-02-22T11:17:30Z">
    <groups>
    </groups>
    <test name="Test" duration-ms="29" started-at="2020-02-22T11:17:30Z" finished-at="2020-02-22T11:17:30Z">
      <class name="mavenDemo.AppTest">
        <test-method status="PASS" signature="testApp()[pri:0, instance:mavenDemo.AppTest@7a5d012c]" name="testApp" duration-ms="4" started-at="2020-02-22T11:17:30Z" finished-at="2020-02-22T11:17:30Z">
          <reporter-output>
          </reporter-output>
        </test-method> <!-- testApp -->
      </class> <!-- mavenDemo.AppTest -->
      <class name="mavenDemo.NewTest">
        <test-method status="PASS" signature="f()[pri:0, instance:mavenDemo.NewTest@3fb6a447]" name="f" duration-ms="0" started-at="2020-02-22T11:17:30Z" finished-at="2020-02-22T11:17:30Z">
          <reporter-output>
          </reporter-output>
        </test-method> <!-- f -->
      </class> <!-- mavenDemo.NewTest -->
    </test> <!-- Test -->
  </suite> <!-- Suite -->
</testng-results>
