<?xml version="1.0" encoding="UTF-8"?>
<testng-results skipped="0" failed="0" ignored="0" total="2" passed="2">
  <reporter-output>
  </reporter-output>
  <suite name="Default suite" duration-ms="31" started-at="2020-02-22T04:50:23Z" finished-at="2020-02-22T04:50:23Z">
    <groups>
    </groups>
    <test name="Default test" duration-ms="31" started-at="2020-02-22T04:50:23Z" finished-at="2020-02-22T04:50:23Z">
      <class name="mavenDemo.AppTest">
        <test-method status="PASS" signature="testApp()[pri:0, instance:mavenDemo.AppTest@14acaea5]" name="testApp" duration-ms="16" started-at="2020-02-22T04:50:23Z" finished-at="2020-02-22T04:50:23Z">
          <reporter-output>
          </reporter-output>
        </test-method> <!-- testApp -->
      </class> <!-- mavenDemo.AppTest -->
      <class name="NewTest">
        <test-method status="PASS" signature="f()[pri:0, instance:NewTest@46d56d67]" name="f" duration-ms="0" started-at="2020-02-22T04:50:23Z" finished-at="2020-02-22T04:50:23Z">
          <reporter-output>
          </reporter-output>
        </test-method> <!-- f -->
      </class> <!-- NewTest -->
    </test> <!-- Default test -->
  </suite> <!-- Default suite -->
</testng-results>
